[0.760s] Invoking command in '/home/jibrilinux/ros2_ws/src/py-pkg-pub-sub': PYTHONPATH=/home/jibrilinux/ros2_ws/build/py-pkg-pub-sub/prefix_override:/usr/lib/python3/dist-packages/colcon_core/task/python/colcon_distutils_commands:/home/jibrilinux/ros2_ws/install/py-pkg-pub-sub/lib/python3.10/site-packages:${PYTHONPATH} /usr/bin/python3 -W ignore:setup.py install is deprecated -W ignore:easy_install command is deprecated setup.py egg_info --egg-base ../../build/py-pkg-pub-sub build --build-base /home/jibrilinux/ros2_ws/build/py-pkg-pub-sub/build install --record /home/jibrilinux/ros2_ws/build/py-pkg-pub-sub/install.log --single-version-externally-managed install_data
[0.934s] running egg_info
[0.935s] writing ../../build/py-pkg-pub-sub/py_pkg_pub_sub.egg-info/PKG-INFO
[0.935s] writing dependency_links to ../../build/py-pkg-pub-sub/py_pkg_pub_sub.egg-info/dependency_links.txt
[0.935s] writing entry points to ../../build/py-pkg-pub-sub/py_pkg_pub_sub.egg-info/entry_points.txt
[0.935s] writing requirements to ../../build/py-pkg-pub-sub/py_pkg_pub_sub.egg-info/requires.txt
[0.935s] writing top-level names to ../../build/py-pkg-pub-sub/py_pkg_pub_sub.egg-info/top_level.txt
[0.935s] reading manifest file '../../build/py-pkg-pub-sub/py_pkg_pub_sub.egg-info/SOURCES.txt'
[0.936s] adding license file 'LICENSE'
[0.941s] writing manifest file '../../build/py-pkg-pub-sub/py_pkg_pub_sub.egg-info/SOURCES.txt'
[0.941s] running build
[0.941s] running build_py
[0.941s] running install
[0.941s] running install_lib
[0.941s] running install_data
[0.941s] running install_egg_info
[0.941s] removing '/home/jibrilinux/ros2_ws/install/py-pkg-pub-sub/lib/python3.10/site-packages/py_pkg_pub_sub-0.0.0-py3.10.egg-info' (and everything under it)
[0.942s] Copying ../../build/py-pkg-pub-sub/py_pkg_pub_sub.egg-info to /home/jibrilinux/ros2_ws/install/py-pkg-pub-sub/lib/python3.10/site-packages/py_pkg_pub_sub-0.0.0-py3.10.egg-info
[0.942s] running install_scripts
[0.958s] writing list of installed files to '/home/jibrilinux/ros2_ws/build/py-pkg-pub-sub/install.log'
[0.979s] Invoked command in '/home/jibrilinux/ros2_ws/src/py-pkg-pub-sub' returned '0': PYTHONPATH=/home/jibrilinux/ros2_ws/build/py-pkg-pub-sub/prefix_override:/usr/lib/python3/dist-packages/colcon_core/task/python/colcon_distutils_commands:/home/jibrilinux/ros2_ws/install/py-pkg-pub-sub/lib/python3.10/site-packages:${PYTHONPATH} /usr/bin/python3 -W ignore:setup.py install is deprecated -W ignore:easy_install command is deprecated setup.py egg_info --egg-base ../../build/py-pkg-pub-sub build --build-base /home/jibrilinux/ros2_ws/build/py-pkg-pub-sub/build install --record /home/jibrilinux/ros2_ws/build/py-pkg-pub-sub/install.log --single-version-externally-managed install_data
